<?xml version="1.0" encoding="UTF-8"?>
<!-- Generated by org.testng.reporters.JUnitReportReporter -->
<testsuite hostname="Naimul" failures="0" tests="4" name="org.xyz.automation.uo.KeyboardMouse" time="3.839" errors="0" timestamp="2024-10-09T02:13:32 EDT" skipped="3">
  <testcase classname="org.xyz.automation.uo.KeyboardMouse" name="handleFrames" time="3.839"/>
  <system-out/>
  <testcase classname="org.xyz.automation.uo.KeyboardMouse" name="handleAlerts">
    <skipped/>
  </testcase> <!-- handleAlerts -->
  <system-out/>
  <testcase classname="org.xyz.automation.uo.KeyboardMouse" name="keyboardHandle">
    <skipped/>
  </testcase> <!-- keyboardHandle -->
  <system-out/>
  <testcase classname="org.xyz.automation.uo.KeyboardMouse" name="mouseHandle">
    <skipped/>
  </testcase> <!-- mouseHandle -->
  <system-out/>
</testsuite> <!-- org.xyz.automation.uo.KeyboardMouse -->
