<?xml version="1.0" encoding="UTF-8"?>
<!-- Generated by org.testng.reporters.JUnitReportReporter -->
<testsuite hostname="Naimul" failures="0" tests="2" name="org.testingworldautomation.TestingWorldSiteTwo" time="10.102" errors="0" timestamp="2024-10-09T02:13:32 EDT" skipped="1">
  <testcase classname="org.testingworldautomation.TestingWorldSiteTwo" name="registration_page" time="10.102"/>
  <system-out/>
  <testcase classname="org.testingworldautomation.TestingWorldSiteTwo" name="login_page">
    <skipped/>
  </testcase> <!-- login_page -->
  <system-out/>
</testsuite> <!-- org.testingworldautomation.TestingWorldSiteTwo -->
