<?xml version="1.0" encoding="UTF-8"?>
<!-- Generated by org.testng.reporters.JUnitReportReporter -->
<testsuite hostname="Naimul" failures="0" tests="7" name="testNGDemo.TestScenario6" time="0.006" errors="0" timestamp="2024-10-09T02:13:32 EDT" skipped="0">
  <testcase classname="testNGDemo.TestScenario6" name="fifth_testcase" time="0.002"/>
  <system-out/>
  <testcase classname="testNGDemo.TestScenario6" name="third_testcase" time="0.001"/>
  <system-out/>
  <testcase classname="testNGDemo.TestScenario6" name="sixth_testcase" time="0.000"/>
  <system-out/>
  <testcase classname="testNGDemo.TestScenario6" name="first_testcase" time="0.001"/>
  <system-out/>
  <testcase classname="testNGDemo.TestScenario6" name="seventh_testcase" time="0.001"/>
  <system-out/>
  <testcase classname="testNGDemo.TestScenario6" name="second_testcase" time="0.001"/>
  <system-out/>
  <testcase classname="testNGDemo.TestScenario6" name="forth_testcase" time="0.000"/>
  <system-out/>
</testsuite> <!-- testNGDemo.TestScenario6 -->
