<?xml version="1.0" encoding="UTF-8"?>
<!-- Generated by org.testng.reporters.JUnitReportReporter -->
<testsuite hostname="Naimul" failures="0" tests="1" name="firstpkg.TestNGDemo" time="0.001" errors="0" timestamp="2024-10-09T02:13:32 EDT" skipped="0">
  <testcase classname="firstpkg.TestNGDemo" name="meth1" time="0.001"/>
  <system-out/>
</testsuite> <!-- firstpkg.TestNGDemo -->
