<?xml version="1.0" encoding="UTF-8"?>
<!-- Generated by org.testng.reporters.JUnitReportReporter -->
<testsuite hostname="Naimul" failures="0" tests="7" name="testNGDemo.TestScenario5" time="0.006" errors="0" timestamp="2024-10-09T02:13:32 EDT" skipped="0">
  <testcase classname="testNGDemo.TestScenario5" name="forth_testcase" time="0.001"/>
  <system-out/>
  <testcase classname="testNGDemo.TestScenario5" name="sixth_testcase" time="0.001"/>
  <system-out/>
  <testcase classname="testNGDemo.TestScenario5" name="fifth_testcase" time="0.001"/>
  <system-out/>
  <testcase classname="testNGDemo.TestScenario5" name="second_testcase" time="0.001"/>
  <system-out/>
  <testcase classname="testNGDemo.TestScenario5" name="seventh_testcase" time="0.001"/>
  <system-out/>
  <testcase classname="testNGDemo.TestScenario5" name="third_testcase" time="0.000"/>
  <system-out/>
  <testcase classname="testNGDemo.TestScenario5" name="first_testcase" time="0.001"/>
  <system-out/>
</testsuite> <!-- testNGDemo.TestScenario5 -->
