<?xml version="1.0" encoding="UTF-8"?>
<!-- Generated by org.testng.reporters.JUnitReportReporter -->
<testsuite hostname="Naimul" failures="0" tests="1" name="org.demoqasite.TestingDemoQaSite" time="4.492" errors="0" timestamp="2024-10-09T02:13:32 EDT" skipped="0">
  <testcase classname="org.demoqasite.TestingDemoQaSite" name="homePage" time="4.492"/>
  <system-out/>
</testsuite> <!-- org.demoqasite.TestingDemoQaSite -->
