<?xml version="1.0" encoding="UTF-8"?>
<!-- Generated by org.testng.reporters.JUnitReportReporter -->
<testsuite hostname="Naimul" failures="0" tests="1" name="org.testingworldautomation.FetchDataCompare" time="2.519" errors="0" timestamp="2024-10-09T02:13:32 EDT" skipped="0">
  <testcase classname="org.testingworldautomation.FetchDataCompare" name="login_page" time="2.519"/>
  <system-out/>
</testsuite> <!-- org.testingworldautomation.FetchDataCompare -->
